Mon, 01 May 2017 19:21:43 connectionpool.py[line:180] INFO Starting new HTTP connection (1): localhost
Mon, 01 May 2017 19:21:43 connectionpool.py[line:350] DEBUG "GET /get-together/group/_search HTTP/1.1" 200 2514
Mon, 01 May 2017 19:21:43 base.py[line:80] INFO GET http://localhost:9200/get-together/group/_search [status:200 request:0.072s]
Mon, 01 May 2017 19:21:43 base.py[line:82] DEBUG > {"aggregations": {"tags": {"terms": {"field": "tags.verbatim", "include": {"pattern": ".*search.*"}}}}, "size": 0}
Mon, 01 May 2017 19:21:43 base.py[line:83] DEBUG < {"took":35,"timed_out":false,"_shards":{"total":2,"successful":2,"failed":0},"hits":{"total":5,"max_score":1.0,"hits":[{"_index":"get-together","_type":"group","_id":"3","_score":1.0,"_source":{
  "name": "Elasticsearch San Francisco",
  "organizer": "Mik",
  "description": "Elasticsearch group for ES users of all knowledge levels",
  "created_on": "2012-08-07",
  "tags": ["elasticsearch", "big data", "lucene", "open source"],
  "members": ["Lee", "Igor"],
  "location_group": "San Francisco, California, USA"
}},{"_index":"get-together","_type":"group","_id":"1","_score":1.0,"_source":{
  "name": "Denver Clojure",
  "organizer": ["Daniel", "Lee"],
  "description": "Group of Clojure enthusiasts from Denver who want to hack on code together and learn more about Clojure",
  "created_on": "2012-06-15",
  "tags": ["clojure", "denver", "functional programming", "jvm", "java"],
  "members": ["Lee", "Daniel", "Mike"],
  "location_group": "Denver, Colorado, USA"
}},{"_index":"get-together","_type":"group","_id":"2","_score":1.0,"_source":{
  "name": "Elasticsearch Denver",
  "organizer": "Lee",
  "description": "Get together to learn more about using Elasticsearch, the applications and neat things you can do with ES!",
  "created_on": "2013-03-15",
  "tags": ["denver", "elasticsearch", "big data", "lucene", "solr"],
  "members": ["Lee", "Mike"],
  "location_group": "Denver, Colorado, USA"
}},{"_index":"get-together","_type":"group","_id":"4","_score":1.0,"_source":{
  "name": "Boulder/Denver big data get-together",
  "organizer": "Andy",
  "description": "Come learn and share your experience with nosql & big data technologies, no experience required",
  "created_on": "2010-04-02",
  "tags": ["big data", "data visualization", "open source", "cloud computing", "hadoop"],
  "members": ["Greg", "Bill"],
  "location_group": "Boulder, Colorado, USA"
}},{"_index":"get-together","_type":"group","_id":"5","_score":1.0,"_source":{
  "name": "Enterprise search London get-together",
  "organizer": "Tyler",
  "description": "Enterprise search get-togethers are an opportunity to get together with other people doing search.",
  "created_on": "2009-11-25",
  "tags": ["enterprise search", "apache lucene", "solr", "open source", "text analytics"],
  "members": ["Clint", "James"],
  "location_group": "London, England, UK"
}}]},"aggregations":{"tags":{"doc_count_error_upper_bound":0,"sum_other_doc_count":0,"buckets":[{"key":"elasticsearch","doc_count":2},{"key":"enterprise search","doc_count":1}]}}}
